canu/1.7 has the useGrid option default set to useGrid=false. This can be overriden by another configuration file or a command-line option.
canu/1.7 has the useGrid option default set to useGrid=false. This can be overriden by another configuration file or a command-line option.
canu/1.7 has the useGrid option default set to useGrid=false. This can be overriden by another configuration file or a command-line option.
canu/1.7 has the useGrid option default set to useGrid=false. This can be overriden by another configuration file or a command-line option.
-- Canu 1.7
--
-- CITATIONS
--
-- Koren S, Walenz BP, Berlin K, Miller JR, Phillippy AM.
-- Canu: scalable and accurate long-read assembly via adaptive k-mer weighting and repeat separation.
-- Genome Res. 2017 May;27(5):722-736.
-- http://doi.org/10.1101/gr.215087.116
-- 
-- Read and contig alignments during correction, consensus and GFA building use:
--   Šošic M, Šikic M.
--   Edlib: a C/C ++ library for fast, exact sequence alignment using edit distance.
--   Bioinformatics. 2017 May 1;33(9):1394-1395.
--   http://doi.org/10.1093/bioinformatics/btw753
-- 
-- Overlaps are generated using:
--   Berlin K, et al.
--   Assembling large genomes with single-molecule sequencing and locality-sensitive hashing.
--   Nat Biotechnol. 2015 Jun;33(6):623-30.
--   http://doi.org/10.1038/nbt.3238
-- 
--   Myers EW, et al.
--   A Whole-Genome Assembly of Drosophila.
--   Science. 2000 Mar 24;287(5461):2196-204.
--   http://doi.org/10.1126/science.287.5461.2196
-- 
--   Li H.
--   Minimap and miniasm: fast mapping and de novo assembly for noisy long sequences.
--   Bioinformatics. 2016 Jul 15;32(14):2103-10.
--   http://doi.org/10.1093/bioinformatics/btw152
-- 
-- Corrected read consensus sequences are generated using an algorithm derived from FALCON-sense:
--   Chin CS, et al.
--   Phased diploid genome assembly with single-molecule real-time sequencing.
--   Nat Methods. 2016 Dec;13(12):1050-1054.
--   http://doi.org/10.1038/nmeth.4035
-- 
-- Contig consensus sequences are generated using an algorithm derived from pbdagcon:
--   Chin CS, et al.
--   Nonhybrid, finished microbial genome assemblies from long-read SMRT sequencing data.
--   Nat Methods. 2013 Jun;10(6):563-9
--   http://doi.org/10.1038/nmeth.2474
-- 
-- CONFIGURE CANU
--
-- Detected Java(TM) Runtime Environment '1.8.0_151' (from '/sw/comp/java/x86_64/sun_jdk1.8.0_151/bin/java').
-- Detected gnuplot version '4.6 patchlevel 2' (from 'gnuplot') and image format 'png'.
-- Detected 20 CPUs and 125 gigabytes of memory.
-- Detected Slurm with 'sinfo' binary in /usr/bin/sinfo.
-- Grid engine disabled per useGrid=false option.
--
--                            (tag)Concurrency
--                     (tag)Threads          |
--            (tag)Memory         |          |
--        (tag)         |         |          |     total usage     algorithm
--        -------  ------  --------   --------  -----------------  -----------------------------
-- Local: meryl      8 GB    4 CPUs x   1 job      8 GB    4 CPUs  (k-mer counting)
-- Local: cormhap    6 GB   10 CPUs x   2 jobs    12 GB   20 CPUs  (overlap detection with mhap)
-- Local: obtovl     4 GB    5 CPUs x   4 jobs    16 GB   20 CPUs  (overlap detection)
-- Local: utgovl     4 GB    5 CPUs x   4 jobs    16 GB   20 CPUs  (overlap detection)
-- Local: ovb        4 GB    1 CPU  x  20 jobs    80 GB   20 CPUs  (overlap store bucketizer)
-- Local: ovs        8 GB    1 CPU  x  15 jobs   120 GB   15 CPUs  (overlap store sorting)
-- Local: red        4 GB    4 CPUs x   5 jobs    20 GB   20 CPUs  (read error detection)
-- Local: oea        4 GB    1 CPU  x  20 jobs    80 GB   20 CPUs  (overlap error adjustment)
-- Local: bat       16 GB    4 CPUs x   1 job     16 GB    4 CPUs  (contig construction)
-- Local: gfa        8 GB    4 CPUs x   1 job      8 GB    4 CPUs  (GFA alignment and processing)
--
-- Found PacBio uncorrected reads in the input files.
--
-- Generating assembly 'leptospirillum' in '/pica/h1/lolu4321/genome_analysis_LovisaLundberg/analyses_v2'
--
-- Parameters:
--
--  genomeSize        2600000
--
--  Overlap Generation Limits:
--    corOvlErrorRate 0.2400 ( 24.00%)
--    obtOvlErrorRate 0.0450 (  4.50%)
--    utgOvlErrorRate 0.0450 (  4.50%)
--
--  Overlap Processing Limits:
--    corErrorRate    0.3000 ( 30.00%)
--    obtErrorRate    0.0450 (  4.50%)
--    utgErrorRate    0.0450 (  4.50%)
--    cnsErrorRate    0.0750 (  7.50%)
--
--
-- BEGIN CORRECTION
--
----------------------------------------
-- Starting command on Thu Apr 19 17:14:59 2018 with 1054.205 GB free disk space

    cd .
    /sw/apps/bioinfo/canu/1.7/rackham/Linux-amd64/bin/gatekeeperCreate \
      -minlength 1000 \
      -o ./leptospirillum.gkpStore.BUILDING \
      ./leptospirillum.gkpStore.gkp \
    > ./leptospirillum.gkpStore.BUILDING.err 2>&1

-- Finished on Thu Apr 19 17:16:12 2018 (73 seconds) with 1053.457 GB free disk space
----------------------------------------
--
-- WARNING:  Gatekeeper detected potential problems in your input reads.
-- WARNING:
-- WARNING:  Please review the logging in files:
-- WARNING:    /pica/h1/lolu4321/genome_analysis_LovisaLundberg/analyses_v2/leptospirillum.gkpStore.BUILDING.err
-- WARNING:    /pica/h1/lolu4321/genome_analysis_LovisaLundberg/analyses_v2/leptospirillum.gkpStore.BUILDING/errorLog
-- 
-- Proceeding with assembly because stopOnReadQuality=false.
--
-- In gatekeeper store './leptospirillum.gkpStore':
--   Found 215276 reads.
--   Found 2998404754 bases (1153.23 times coverage).
--
--   Read length histogram (one '*' equals 291.05 reads):
--        0    999      0 
--     1000   1999  20374 **********************************************************************
--     2000   2999  13389 **********************************************
--     3000   3999  10440 ***********************************
--     4000   4999   9065 *******************************
--     5000   5999   8459 *****************************
--     6000   6999   8322 ****************************
--     7000   7999   8007 ***************************
--     8000   8999   7849 **************************
--     9000   9999   8363 ****************************
--    10000  10999   8919 ******************************
--    11000  11999   9049 *******************************
--    12000  12999   8350 ****************************
--    13000  13999   7695 **************************
--    14000  14999   7066 ************************
--    15000  15999   6436 **********************
--    16000  16999   5827 ********************
--    17000  17999   5370 ******************
--    18000  18999   5004 *****************
--    19000  19999   4571 ***************
--    20000  20999   4235 **************
--    21000  21999   3998 *************
--    22000  22999   3583 ************
--    23000  23999   3272 ***********
--    24000  24999   2991 **********
--    25000  25999   2795 *********
--    26000  26999   2685 *********
--    27000  27999   2354 ********
--    28000  28999   2215 *******
--    29000  29999   2139 *******
--    30000  30999   2052 *******
--    31000  31999   2003 ******
--    32000  32999   1840 ******
--    33000  33999   1881 ******
--    34000  34999   1915 ******
--    35000  35999   1732 *****
--    36000  36999   1703 *****
--    37000  37999   1496 *****
--    38000  38999   1341 ****
--    39000  39999   1022 ***
--    40000  40999    875 ***
--    41000  41999    715 **
--    42000  42999    583 **
--    43000  43999    529 *
--    44000  44999    447 *
--    45000  45999    385 *
--    46000  46999    346 *
--    47000  47999    267 
--    48000  48999    225 
--    49000  49999    175 
--    50000  50999    149 
--    51000  51999    129 
--    52000  52999    107 
--    53000  53999     73 
--    54000  54999     86 
--    55000  55999     65 
--    56000  56999     55 
--    57000  57999     54 
--    58000  58999     33 
--    59000  59999     35 
--    60000  60999     28 
--    61000  61999     30 
--    62000  62999     15 
--    63000  63999     16 
--    64000  64999      8 
--    65000  65999      6 
--    66000  66999      3 
--    67000  67999      6 
--    68000  68999      7 
--    69000  69999      6 
--    70000  70999      1 
--    71000  71999      2 
--    72000  72999      2 
--    73000  73999      2 
--    74000  74999      0 
--    75000  75999      0 
--    76000  76999      0 
--    77000  77999      0 
--    78000  78999      1 
--    79000  79999      0 
--    80000  80999      1 
--    81000  81999      0 
--    82000  82999      0 
--    83000  83999      0 
--    84000  84999      0 
--    85000  85999      0 
--    86000  86999      0 
--    87000  87999      0 
--    88000  88999      0 
--    89000  89999      0 
--    90000  90999      0 
--    91000  91999      1 
--    92000  92999      0 
--    93000  93999      0 
--    94000  94999      0 
--    95000  95999      0 
--    96000  96999      1 
--
-- Running jobs.  First attempt out of 2.
----------------------------------------
-- Starting 'meryl' concurrent execution on Thu Apr 19 17:16:17 2018 with 1053.456 GB free disk space (1 processes; 1 concurrently)

    cd correction/0-mercounts
    ./meryl.sh 1 > ./meryl.000001.out 2>&1

-- Finished on Thu Apr 19 17:28:44 2018 (747 seconds) with 1048.869 GB free disk space
----------------------------------------
-- Meryl finished successfully.
--
--  16-mers                                                                                           Fraction
--    Occurrences   NumMers                                                                         Unique Total
--       1-     1 591185098 *******************************************************************--> 0.5244 0.1974
--       2-     2 261765837 ********************************************************************** 0.7566 0.3722
--       3-     4 171949032 *********************************************                          0.8596 0.4885
--       5-     7  58297114 ***************                                                        0.9355 0.6125
--       8-    11  21542166 *****                                                                  0.9678 0.6945
--      12-    16  10107970 **                                                                     0.9825 0.7510
--      17-    22   5024397 *                                                                      0.9900 0.7923
--      23-    29   2506072                                                                        0.9938 0.8215
--      30-    37   1210178                                                                        0.9958 0.8412
--      38-    46    587977                                                                        0.9968 0.8535
--      47-    56    273187                                                                        0.9973 0.8611
--      57-    67    124652                                                                        0.9975 0.8654
--      68-    79     64585                                                                        0.9976 0.8678
--      80-    92     63335                                                                        0.9976 0.8693
--      93-   106    158318                                                                        0.9977 0.8712
--     107-   121    428480                                                                        0.9978 0.8770
--     122-   137    719720                                                                        0.9982 0.8944
--     138-   154    686290                                                                        0.9989 0.9261
--     155-   172    377245                                                                        0.9995 0.9589
--     173-   191    135417                                                                        0.9998 0.9784
--     192-   211     41857                                                                        0.9999 0.9861
--     212-   232     17081                                                                        0.9999 0.9887
--     233-   254     11521                                                                        1.0000 0.9899
--     255-   277      9329                                                                        1.0000 0.9909
--     278-   301      6609                                                                        1.0000 0.9917
--     302-   326      4168                                                                        1.0000 0.9923
--     327-   352      2459                                                                        1.0000 0.9927
--     353-   379      1585                                                                        1.0000 0.9930
--     380-   407      1277                                                                        1.0000 0.9932
--     408-   436       937                                                                        1.0000 0.9934
--     437-   466       677                                                                        1.0000 0.9935
--     467-   497       506                                                                        1.0000 0.9936
--     498-   529       445                                                                        1.0000 0.9937
--     530-   562       484                                                                        1.0000 0.9938
--     563-   596       576                                                                        1.0000 0.9939
--     597-   631       619                                                                        1.0000 0.9940
--     632-   667       706                                                                        1.0000 0.9941
--     668-   704       567                                                                        1.0000 0.9942
--     705-   742       485                                                                        1.0000 0.9944
--     743-   781       394                                                                        1.0000 0.9945
--     782-   821       296                                                                        1.0000 0.9946
--
--     4119536 (max occurrences)
--  2403990516 (total mers, non-unique)
--   536128161 (distinct mers, non-unique)
--   591185098 (unique mers)
-- For mhap overlapping, set repeat k-mer threshold to 29951.
--
-- Found 2995175614 16-mers; 1127313259 distinct and 591185098 unique.  Largest count 4119536.
--
-- OVERLAPPER (mhap) (correction)
--
-- Set corMhapSensitivity=low based on read coverage of 1153.
--
-- PARAMETERS: hashes=256, minMatches=3, threshold=0.8
--
-- Given 6 GB, can fit 18000 reads per block.
-- For 13 blocks, set stride to 2 blocks.
-- Logging partitioning to 'correction/1-overlapper/partitioning.log'.
-- Configured 12 mhap precompute jobs.
-- Configured 37 mhap overlap jobs.
--
-- Running jobs.  First attempt out of 2.
----------------------------------------
-- Starting 'cormhap' concurrent execution on Thu Apr 19 17:29:42 2018 with 1053.453 GB free disk space (12 processes; 2 concurrently)

    cd correction/1-overlapper
    ./precompute.sh 1 > ./precompute.000001.out 2>&1
    ./precompute.sh 2 > ./precompute.000002.out 2>&1
    ./precompute.sh 3 > ./precompute.000003.out 2>&1
    ./precompute.sh 4 > ./precompute.000004.out 2>&1
    ./precompute.sh 5 > ./precompute.000005.out 2>&1
    ./precompute.sh 6 > ./precompute.000006.out 2>&1
    ./precompute.sh 7 > ./precompute.000007.out 2>&1
    ./precompute.sh 8 > ./precompute.000008.out 2>&1
    ./precompute.sh 9 > ./precompute.000009.out 2>&1
    ./precompute.sh 10 > ./precompute.000010.out 2>&1
    ./precompute.sh 11 > ./precompute.000011.out 2>&1
    ./precompute.sh 12 > ./precompute.000012.out 2>&1

-- Finished on Thu Apr 19 22:54:15 2018 (19473 seconds) with 1049.815 GB free disk space
----------------------------------------
-- All 12 mhap precompute jobs finished successfully.
--
-- Running jobs.  First attempt out of 2.
----------------------------------------
-- Starting 'cormhap' concurrent execution on Thu Apr 19 22:54:16 2018 with 1049.815 GB free disk space (37 processes; 2 concurrently)

    cd correction/1-overlapper
    ./mhap.sh 1 > ./mhap.000001.out 2>&1
    ./mhap.sh 2 > ./mhap.000002.out 2>&1
    ./mhap.sh 3 > ./mhap.000003.out 2>&1
    ./mhap.sh 4 > ./mhap.000004.out 2>&1
    ./mhap.sh 5 > ./mhap.000005.out 2>&1
    ./mhap.sh 6 > ./mhap.000006.out 2>&1
    ./mhap.sh 7 > ./mhap.000007.out 2>&1
    ./mhap.sh 8 > ./mhap.000008.out 2>&1
    ./mhap.sh 9 > ./mhap.000009.out 2>&1
    ./mhap.sh 10 > ./mhap.000010.out 2>&1
    ./mhap.sh 11 > ./mhap.000011.out 2>&1
    ./mhap.sh 12 > ./mhap.000012.out 2>&1
    ./mhap.sh 13 > ./mhap.000013.out 2>&1
    ./mhap.sh 14 > ./mhap.000014.out 2>&1
    ./mhap.sh 15 > ./mhap.000015.out 2>&1
    ./mhap.sh 16 > ./mhap.000016.out 2>&1
    ./mhap.sh 17 > ./mhap.000017.out 2>&1
    ./mhap.sh 18 > ./mhap.000018.out 2>&1
    ./mhap.sh 19 > ./mhap.000019.out 2>&1
    ./mhap.sh 20 > ./mhap.000020.out 2>&1
    ./mhap.sh 21 > ./mhap.000021.out 2>&1
    ./mhap.sh 22 > ./mhap.000022.out 2>&1
    ./mhap.sh 23 > ./mhap.000023.out 2>&1
    ./mhap.sh 24 > ./mhap.000024.out 2>&1
    ./mhap.sh 25 > ./mhap.000025.out 2>&1
    ./mhap.sh 26 > ./mhap.000026.out 2>&1
    ./mhap.sh 27 > ./mhap.000027.out 2>&1
    ./mhap.sh 28 > ./mhap.000028.out 2>&1
    ./mhap.sh 29 > ./mhap.000029.out 2>&1
    ./mhap.sh 30 > ./mhap.000030.out 2>&1
    ./mhap.sh 31 > ./mhap.000031.out 2>&1
    ./mhap.sh 32 > ./mhap.000032.out 2>&1
    ./mhap.sh 33 > ./mhap.000033.out 2>&1
    ./mhap.sh 34 > ./mhap.000034.out 2>&1
    ./mhap.sh 35 > ./mhap.000035.out 2>&1
    ./mhap.sh 36 > ./mhap.000036.out 2>&1
    ./mhap.sh 37 > ./mhap.000037.out 2>&1

-- Finished on Thu Apr 19 23:21:04 2018 (1608 seconds) with 1049.236 GB free disk space
----------------------------------------
-- Found 37 mhap overlap output files.
----------------------------------------
-- Starting command on Thu Apr 19 23:21:04 2018 with 1049.236 GB free disk space

    cd correction
    /sw/apps/bioinfo/canu/1.7/rackham/Linux-amd64/bin/ovStoreBuild \
     -O ./leptospirillum.ovlStore.BUILDING \
     -G ./leptospirillum.gkpStore \
     -M 2-8 \
     -L ./1-overlapper/ovljob.files \
     > ./leptospirillum.ovlStore.err 2>&1

-- Finished on Thu Apr 19 23:22:00 2018 (56 seconds) with 1048.12 GB free disk space
----------------------------------------
-- Checking store.
----------------------------------------
-- Starting command on Thu Apr 19 23:22:00 2018 with 1048.12 GB free disk space

    cd correction
    /sw/apps/bioinfo/canu/1.7/rackham/Linux-amd64/bin/ovStoreDump \
     -G ./leptospirillum.gkpStore \
     -O ./leptospirillum.ovlStore \
     -d -counts \
     > ./leptospirillum.ovlStore/counts.dat 2> ./leptospirillum.ovlStore/counts.err

-- Finished on Thu Apr 19 23:22:01 2018 (1 second) with 1048.118 GB free disk space
----------------------------------------
--
-- Overlap store 'correction/leptospirillum.ovlStore' successfully constructed.
-- Found 58735132 overlaps for 164939 reads; 50337 reads have no overlaps.
--
--
-- Purged 24.148 GB in 152 overlap output files.
-- Set corMinCoverage=4 based on read coverage of 1153.
-- Global filter scores will be estimated.
-- Computing correction layouts.
----------------------------------------
-- Starting command on Thu Apr 19 23:22:02 2018 with 1052.337 GB free disk space

    cd correction
    /sw/apps/bioinfo/canu/1.7/rackham/Linux-amd64/bin/generateCorrectionLayouts \
      -G ./leptospirillum.gkpStore \
      -O ./leptospirillum.ovlStore \
      -C ./leptospirillum.corStore.WORKING \
      -ec 4 \
      -eC 80 \
    > ./leptospirillum.corStore.err 2>&1
    

-- Finished on Thu Apr 19 23:22:09 2018 (7 seconds) with 1052.121 GB free disk space
----------------------------------------
-- Computing correction layouts.
----------------------------------------
-- Starting command on Thu Apr 19 23:22:09 2018 with 1052.121 GB free disk space

    cd correction/2-correction
    /sw/apps/bioinfo/canu/1.7/rackham/Linux-amd64/bin/filterCorrectionLayouts \
      -G  ../leptospirillum.gkpStore \
      -C  ../leptospirillum.corStore \
      -R  ./leptospirillum.readsToCorrect.WORKING \
      -cc 4 \
      -cl 1000 \
      -g  2600000 \
      -c  40 \
    > ./leptospirillum.readsToCorrect.err 2>&1
    

-- Finished on Thu Apr 19 23:22:10 2018 (1 second) with 1052.106 GB free disk space
----------------------------------------
--                             original      original
--                            raw reads     raw reads
--   category                w/overlaps  w/o/overlaps
--   -------------------- ------------- -------------
--   Number of Reads             128228         87048
--   Number of Bases         2036055750     507317552
--   Coverage                   783.098       195.122
--   Median                       13306             0
--   Mean                         15878          5828
--   N50                          22166         19598
--   Minimum                       1000             0
--   Maximum                      64897         78423
--   
--                                        --------corrected---------  ----------rescued----------
--                             evidence                     expected                     expected
--   category                     reads            raw     corrected            raw     corrected
--   -------------------- -------------  ------------- -------------  ------------- -------------
--   Number of Reads             102754           2742          2742          13673         13673
--   Number of Bases         1916479986      106531421     104028842      137063322      83997504
--   Coverage                   737.108         40.974        40.011         52.717        32.307
--   Median                       15952          38197         37579           7895          4027
--   Mean                         18651          38851         37939          10024          6143
--   N50                          23492          38332         37635          14161          9820
--   Minimum                       1010          35985         35983           1004          1001
--   Maximum                      69274          64897         49502          58217         35927
--   
--                        --------uncorrected--------
--                                           expected
--   category                       raw     corrected
--   -------------------- ------------- -------------
--   Number of Reads             198861        198861
--   Number of Bases         2299778559    1094326912
--   Coverage                   884.530       420.895
--   Median                        9579             0
--   Mean                         11564          5502
--   N50                          21264         20061
--   Minimum                          0             0
--   Maximum                      78423         35983
--   
--   Maximum Memory          1228212848
--
--                            (tag)Concurrency
--                     (tag)Threads          |
--            (tag)Memory         |          |
--        (tag)         |         |          |     total usage     algorithm
--        -------  ------  --------   --------  -----------------  -----------------------------
-- Local: cor        5 GB    4 CPUs x   5 jobs    25 GB   20 CPUs  (read correction)
--
-- Using overlaps no worse than 0.3 fraction error for correcting reads (from corErrorRate parameter).
--
-- Running jobs.  First attempt out of 2.
----------------------------------------
-- Starting 'cor' concurrent execution on Thu Apr 19 23:22:10 2018 with 1052.106 GB free disk space (44 processes; 5 concurrently)

    cd correction/2-correction
    ./correctReads.sh 1 > ./correctReads.000001.out 2>&1
    ./correctReads.sh 2 > ./correctReads.000002.out 2>&1
    ./correctReads.sh 3 > ./correctReads.000003.out 2>&1
    ./correctReads.sh 4 > ./correctReads.000004.out 2>&1
    ./correctReads.sh 5 > ./correctReads.000005.out 2>&1
    ./correctReads.sh 6 > ./correctReads.000006.out 2>&1
    ./correctReads.sh 7 > ./correctReads.000007.out 2>&1
    ./correctReads.sh 8 > ./correctReads.000008.out 2>&1
    ./correctReads.sh 9 > ./correctReads.000009.out 2>&1
    ./correctReads.sh 10 > ./correctReads.000010.out 2>&1
    ./correctReads.sh 11 > ./correctReads.000011.out 2>&1
    ./correctReads.sh 12 > ./correctReads.000012.out 2>&1
    ./correctReads.sh 13 > ./correctReads.000013.out 2>&1
    ./correctReads.sh 14 > ./correctReads.000014.out 2>&1
    ./correctReads.sh 15 > ./correctReads.000015.out 2>&1
    ./correctReads.sh 16 > ./correctReads.000016.out 2>&1
    ./correctReads.sh 17 > ./correctReads.000017.out 2>&1
    ./correctReads.sh 18 > ./correctReads.000018.out 2>&1
    ./correctReads.sh 19 > ./correctReads.000019.out 2>&1
    ./correctReads.sh 20 > ./correctReads.000020.out 2>&1
    ./correctReads.sh 21 > ./correctReads.000021.out 2>&1
    ./correctReads.sh 22 > ./correctReads.000022.out 2>&1
    ./correctReads.sh 23 > ./correctReads.000023.out 2>&1
    ./correctReads.sh 24 > ./correctReads.000024.out 2>&1
    ./correctReads.sh 25 > ./correctReads.000025.out 2>&1
    ./correctReads.sh 26 > ./correctReads.000026.out 2>&1
    ./correctReads.sh 27 > ./correctReads.000027.out 2>&1
    ./correctReads.sh 28 > ./correctReads.000028.out 2>&1
    ./correctReads.sh 29 > ./correctReads.000029.out 2>&1
    ./correctReads.sh 30 > ./correctReads.000030.out 2>&1
    ./correctReads.sh 31 > ./correctReads.000031.out 2>&1
    ./correctReads.sh 32 > ./correctReads.000032.out 2>&1
    ./correctReads.sh 33 > ./correctReads.000033.out 2>&1
    ./correctReads.sh 34 > ./correctReads.000034.out 2>&1
    ./correctReads.sh 35 > ./correctReads.000035.out 2>&1
    ./correctReads.sh 36 > ./correctReads.000036.out 2>&1
    ./correctReads.sh 37 > ./correctReads.000037.out 2>&1
    ./correctReads.sh 38 > ./correctReads.000038.out 2>&1
    ./correctReads.sh 39 > ./correctReads.000039.out 2>&1
    ./correctReads.sh 40 > ./correctReads.000040.out 2>&1
    ./correctReads.sh 41 > ./correctReads.000041.out 2>&1
    ./correctReads.sh 42 > ./correctReads.000042.out 2>&1
    ./correctReads.sh 43 > ./correctReads.000043.out 2>&1
    ./correctReads.sh 44 > ./correctReads.000044.out 2>&1

-- Finished on Fri Apr 20 01:51:27 2018 (8957 seconds) with 1051.602 GB free disk space
----------------------------------------
-- Found 44 read correction output files.
-- Found 44 read correction output files.
--
-- Loading corrected reads into corStore and gkpStore.
----------------------------------------
-- Starting command on Fri Apr 20 01:51:27 2018 with 1051.602 GB free disk space

    cd correction
    /sw/apps/bioinfo/canu/1.7/rackham/Linux-amd64/bin/loadCorrectedReads \
      -G ./leptospirillum.gkpStore \
      -C ./leptospirillum.corStore \
      -L ./2-correction/corjob.files \
    > ./2-correction/corjob.files.load.err 2>&1
    

-- Finished on Fri Apr 20 01:51:37 2018 (10 seconds) with 1051.234 GB free disk space
----------------------------------------
--
-- In gatekeeper store './leptospirillum.gkpStore':
--   Found 10414 reads.
--   Found 131823505 bases (50.7 times coverage).
--
--   Read length histogram (one '*' equals 19.05 reads):
--        0    999    937 *************************************************
--     1000   1999   1334 **********************************************************************
--     2000   2999    865 *********************************************
--     3000   3999    606 *******************************
--     4000   4999    539 ****************************
--     5000   5999    509 **************************
--     6000   6999    452 ***********************
--     7000   7999    401 *********************
--     8000   8999    377 *******************
--     9000   9999    363 *******************
--    10000  10999    345 ******************
--    11000  11999    236 ************
--    12000  12999    161 ********
--    13000  13999    101 *****
--    14000  14999    110 *****
--    15000  15999     83 ****
--    16000  16999     77 ****
--    17000  17999     74 ***
--    18000  18999     64 ***
--    19000  19999     74 ***
--    20000  20999     65 ***
--    21000  21999     65 ***
--    22000  22999     66 ***
--    23000  23999     67 ***
--    24000  24999     52 **
--    25000  25999     62 ***
--    26000  26999     76 ***
--    27000  27999     77 ****
--    28000  28999     65 ***
--    29000  29999     73 ***
--    30000  30999     71 ***
--    31000  31999     94 ****
--    32000  32999    111 *****
--    33000  33999    152 *******
--    34000  34999    215 ***********
--    35000  35999    452 ***********************
--    36000  36999    395 ********************
--    37000  37999    276 **************
--    38000  38999    146 *******
--    39000  39999     87 ****
--    40000  40999     28 *
--    41000  41999      4 
--    42000  42999      4 
--    43000  43999      2 
--    44000  44999      1 
--
-- Purging correctReads output after loading into stores.
-- Purged 44 .cns outputs.
-- Purged 88 .out job log outputs.
--
-- Purging overlaps used for correction.
----------------------------------------
-- Starting command on Fri Apr 20 01:51:40 2018 with 1052.853 GB free disk space

    cd .
    /sw/apps/bioinfo/canu/1.7/rackham/Linux-amd64/bin/gatekeeperDumpFASTQ \
      -corrected \
      -G ./leptospirillum.gkpStore \
      -o ./leptospirillum.correctedReads.gz \
      -fasta \
      -nolibname \
    > leptospirillum.correctedReads.fasta.err 2>&1

-- Finished on Fri Apr 20 01:51:43 2018 (3 seconds) with 1052.813 GB free disk space
----------------------------------------
--
-- Corrected reads saved in 'leptospirillum.correctedReads.fasta.gz'.
--
--
-- BEGIN TRIMMING
--
--
-- Running jobs.  First attempt out of 2.
----------------------------------------
-- Starting 'meryl' concurrent execution on Fri Apr 20 01:51:43 2018 with 1052.813 GB free disk space (1 processes; 1 concurrently)

    cd trimming/0-mercounts
    ./meryl.sh 1 > ./meryl.000001.out 2>&1

-- Finished on Fri Apr 20 01:52:03 2018 (20 seconds) with 1052.712 GB free disk space
----------------------------------------
-- Meryl finished successfully.
--
--  22-mers                                                                                           Fraction
--    Occurrences   NumMers                                                                         Unique Total
--       1-     1  11250670 *******************************************************************--> 0.7142 0.0855
--       2-     2   1129806 ********************************************************************** 0.7860 0.1027
--       3-     4    561266 **********************************                                     0.8103 0.1114
--       5-     7    183050 ***********                                                            0.8276 0.1204
--       8-    11     58334 ***                                                                    0.8347 0.1261
--      12-    16     20882 *                                                                      0.8373 0.1293
--      17-    22     35241 **                                                                     0.8385 0.1313
--      23-    29    234963 **************                                                         0.8414 0.1388
--      30-    37    706700 *******************************************                            0.8594 0.1986
--      38-    46    857956 *****************************************************                  0.9070 0.3968
--      47-    56    437188 ***************************                                            0.9590 0.6615
--      57-    67    147559 *********                                                              0.9840 0.8163
--      68-    79     39854 **                                                                     0.9922 0.8764
--      80-    92     26381 *                                                                      0.9946 0.8977
--      93-   106     22497 *                                                                      0.9962 0.9144
--     107-   121     19180 *                                                                      0.9976 0.9313
--     122-   137     15322                                                                        0.9988 0.9481
--     138-   154      2043                                                                        0.9997 0.9622
--     155-   172       156                                                                        0.9998 0.9640
--     173-   191        43                                                                        0.9998 0.9641
--     192-   211        18                                                                        0.9998 0.9642
--     212-   232        15                                                                        0.9998 0.9642
--     233-   254         9                                                                        0.9998 0.9642
--     255-   277        17                                                                        0.9998 0.9643
--     278-   301        10                                                                        0.9998 0.9643
--     302-   326        20                                                                        0.9998 0.9643
--     327-   352        42                                                                        0.9998 0.9644
--     353-   379        65                                                                        0.9998 0.9645
--     380-   407        49                                                                        0.9998 0.9647
--     408-   436        39                                                                        0.9998 0.9648
--     437-   466         2                                                                        0.9998 0.9649
--     467-   497         5                                                                        0.9998 0.9649
--     498-   529         0                                                                        0.0000 0.0000
--     530-   562        12                                                                        0.9998 0.9650
--     563-   596         1                                                                        0.9999 0.9650
--     597-   631         5                                                                        0.9999 0.9650
--     632-   667        30                                                                        0.9999 0.9650
--     668-   704        88                                                                        0.9999 0.9652
--     705-   742       209                                                                        0.9999 0.9657
--     743-   781       190                                                                        0.9999 0.9668
--     782-   821       308                                                                        0.9999 0.9679
--
--     1730204 (max occurrences)
--   120354157 (total mers, non-unique)
--     4501086 (distinct mers, non-unique)
--    11250670 (unique mers)
----------------------------------------
-- Starting command on Fri Apr 20 01:52:03 2018 with 1052.712 GB free disk space

    cd trimming/0-mercounts
    /sw/apps/bioinfo/canu/1.7/rackham/Linux-amd64/bin/meryl \
      -Dt \
      -n 493 \
      -s ./leptospirillum.ms22 \
    > ./leptospirillum.ms22.frequentMers.fasta \
    2> ./leptospirillum.ms22.frequentMers.fasta.err

-- Finished on Fri Apr 20 01:52:04 2018 (1 second) with 1052.712 GB free disk space
----------------------------------------
-- Reset obtOvlMerThreshold from auto to 493.
--
-- Found 131604827 22-mers; 15751756 distinct and 11250670 unique.  Largest count 1730204.
--
-- OVERLAPPER (normal) (trimming) erate=0.045
--
----------------------------------------
-- Starting command on Fri Apr 20 01:52:04 2018 with 1052.813 GB free disk space

    cd trimming/1-overlapper
    /sw/apps/bioinfo/canu/1.7/rackham/Linux-amd64/bin/overlapInCorePartition \
     -G  ../leptospirillum.gkpStore \
     -hl 85312000 \
     -rl 1000000000 \
     -ol 500 \
     -o  ./leptospirillum.partition \
    > ./leptospirillum.partition.err 2>&1

-- Finished on Fri Apr 20 01:52:04 2018 (lickety-split) with 1052.813 GB free disk space
----------------------------------------
--
-- Configured 2 overlapInCore jobs.
--
-- Running jobs.  First attempt out of 2.
----------------------------------------
-- Starting 'obtovl' concurrent execution on Fri Apr 20 01:52:04 2018 with 1052.813 GB free disk space (2 processes; 4 concurrently)

    cd trimming/1-overlapper
    ./overlap.sh 1 > ./overlap.000001.out 2>&1
    ./overlap.sh 2 > ./overlap.000002.out 2>&1

-- Finished on Fri Apr 20 02:28:01 2018 (2157 seconds) with 1052.801 GB free disk space
----------------------------------------
-- Found 2 overlapInCore output files.
--
-- overlapInCore compute 'trimming/1-overlapper':
--   kmer hits
--     with no overlap           894030      447015 +- 54986.037
--     with an overlap           502770      251385 +- 60309.137
--
--   overlaps                    502770      251385 +- 60309.137
--     contained                      0           0 +- 0
--     dovetail                       0           0 +- 0
--
--   overlaps rejected
--     multiple per pair              0           0 +- 0
--     bad short window               0           0 +- 0
--     bad long window                0           0 +- 0
----------------------------------------
-- Starting command on Fri Apr 20 02:28:01 2018 with 1052.801 GB free disk space

    cd trimming
    /sw/apps/bioinfo/canu/1.7/rackham/Linux-amd64/bin/ovStoreBuild \
     -O ./leptospirillum.ovlStore.BUILDING \
     -G ./leptospirillum.gkpStore \
     -M 2-8 \
     -L ./1-overlapper/ovljob.files \
     > ./leptospirillum.ovlStore.err 2>&1

-- Finished on Fri Apr 20 02:28:03 2018 (2 seconds) with 1052.764 GB free disk space
----------------------------------------
-- Checking store.
----------------------------------------
-- Starting command on Fri Apr 20 02:28:03 2018 with 1052.764 GB free disk space

    cd trimming
    /sw/apps/bioinfo/canu/1.7/rackham/Linux-amd64/bin/ovStoreDump \
     -G ./leptospirillum.gkpStore \
     -O ./leptospirillum.ovlStore \
     -d -counts \
     > ./leptospirillum.ovlStore/counts.dat 2> ./leptospirillum.ovlStore/counts.err

-- Finished on Fri Apr 20 02:28:03 2018 (lickety-split) with 1052.762 GB free disk space
----------------------------------------
--
-- Overlap store 'trimming/leptospirillum.ovlStore' successfully constructed.
-- Found 1002906 overlaps for 9347 reads; 205929 reads have no overlaps.
--
--
-- Purged 0.011 GB in 6 overlap output files.
----------------------------------------
-- Starting command on Fri Apr 20 02:28:03 2018 with 1052.775 GB free disk space

    cd trimming/3-overlapbasedtrimming
    /sw/apps/bioinfo/canu/1.7/rackham/Linux-amd64/bin/trimReads \
      -G  ../leptospirillum.gkpStore \
      -O  ../leptospirillum.ovlStore \
      -Co ./leptospirillum.1.trimReads.clear \
      -e  0.045 \
      -minlength 1000 \
      -ol 1 \
      -oc 1 \
      -o  ./leptospirillum.1.trimReads \
    >     ./leptospirillum.1.trimReads.err 2>&1

-- Finished on Fri Apr 20 02:28:06 2018 (3 seconds) with 1052.768 GB free disk space
----------------------------------------
--  PARAMETERS:
--  ----------
--     1000    (reads trimmed below this many bases are deleted)
--   0.0450    (use overlaps at or below this fraction error)
--        1    (break region if overlap is less than this long, for 'largest covered' algorithm)
--        1    (break region if overlap coverage is less than this many read, for 'largest covered' algorithm)
--  
--  INPUT READS:
--  -----------
--  215276 reads    131823505 bases (reads processed)
--       0 reads            0 bases (reads not processed, previously deleted)
--       0 reads            0 bases (reads not processed, in a library where trimming isn't allowed)
--  
--  OUTPUT READS:
--  ------------
--    7927 reads     86373057 bases (trimmed reads output)
--     845 reads      4842952 bases (reads with no change, kept as is)
--  205929 reads      1416427 bases (reads with no overlaps, deleted)
--     575 reads       681215 bases (reads with short trimmed length, deleted)
--  
--  TRIMMING DETAILS:
--  ----------------
--    6193 reads     16254227 bases (bases trimmed from the 5' end of a read)
--    6430 reads     22255627 bases (bases trimmed from the 3' end of a read)
----------------------------------------
-- Starting command on Fri Apr 20 02:28:06 2018 with 1052.768 GB free disk space

    cd trimming/3-overlapbasedtrimming
    /sw/apps/bioinfo/canu/1.7/rackham/Linux-amd64/bin/splitReads \
      -G  ../leptospirillum.gkpStore \
      -O  ../leptospirillum.ovlStore \
      -Ci ./leptospirillum.1.trimReads.clear \
      -Co ./leptospirillum.2.splitReads.clear \
      -e  0.045 \
      -minlength 1000 \
      -o  ./leptospirillum.2.splitReads \
    >     ./leptospirillum.2.splitReads.err 2>&1

-- Finished on Fri Apr 20 02:28:07 2018 (1 second) with 1052.766 GB free disk space
----------------------------------------
--  PARAMETERS:
--  ----------
--     1000    (reads trimmed below this many bases are deleted)
--   0.0450    (use overlaps at or below this fraction error)
--  INPUT READS:
--  -----------
--    8772 reads    129725863 bases (reads processed)
--  206504 reads      2097642 bases (reads not processed, previously deleted)
--       0 reads            0 bases (reads not processed, in a library where trimming isn't allowed)
--  
--  PROCESSED:
--  --------
--       0 reads            0 bases (no overlaps)
--       0 reads            0 bases (no coverage after adjusting for trimming done already)
--       0 reads            0 bases (processed for chimera)
--       0 reads            0 bases (processed for spur)
--    8772 reads    129725863 bases (processed for subreads)
--  
--  READS WITH SIGNALS:
--  ------------------
--       0 reads            0 signals (number of 5' spur signal)
--       0 reads            0 signals (number of 3' spur signal)
--       0 reads            0 signals (number of chimera signal)
--     422 reads          427 signals (number of subread signal)
--  
--  SIGNALS:
--  -------
--       0 reads            0 bases (size of 5' spur signal)
--       0 reads            0 bases (size of 3' spur signal)
--       0 reads            0 bases (size of chimera signal)
--     427 reads       150520 bases (size of subread signal)
--  
--  TRIMMING:
--  --------
--     185 reads      2518257 bases (trimmed from the 5' end of the read)
--     241 reads      3117589 bases (trimmed from the 3' end of the read)
----------------------------------------
-- Starting command on Fri Apr 20 02:28:07 2018 with 1052.766 GB free disk space

    cd trimming/3-overlapbasedtrimming
    /sw/apps/bioinfo/canu/1.7/rackham/Linux-amd64/bin/loadTrimmedReads \
      -G ../leptospirillum.gkpStore \
      -c ./leptospirillum.2.splitReads.clear \
    > ./leptospirillum.loadtrimmedReads.err 2>&1

-- Finished on Fri Apr 20 02:28:07 2018 (lickety-split) with 1052.766 GB free disk space
----------------------------------------
--
-- In gatekeeper store './leptospirillum.gkpStore':
--   Found 8772 reads.
--   Found 85580163 bases (32.91 times coverage).
--
--   Read length histogram (one '*' equals 14.02 reads):
--        0    999      0 
--     1000   1999    982 **********************************************************************
--     2000   2999    722 ***************************************************
--     3000   3999    527 *************************************
--     4000   4999    511 ************************************
--     5000   5999    496 ***********************************
--     6000   6999    456 ********************************
--     7000   7999    398 ****************************
--     8000   8999    405 ****************************
--     9000   9999    496 ***********************************
--    10000  10999    553 ***************************************
--    11000  11999    490 **********************************
--    12000  12999    355 *************************
--    13000  13999    303 *********************
--    14000  14999    261 ******************
--    15000  15999    252 *****************
--    16000  16999    219 ***************
--    17000  17999    221 ***************
--    18000  18999    158 ***********
--    19000  19999    172 ************
--    20000  20999    106 *******
--    21000  21999    127 *********
--    22000  22999    103 *******
--    23000  23999    100 *******
--    24000  24999     58 ****
--    25000  25999     62 ****
--    26000  26999     37 **
--    27000  27999     31 **
--    28000  28999     24 *
--    29000  29999     24 *
--    30000  30999     16 *
--    31000  31999     18 *
--    32000  32999     17 *
--    33000  33999      9 
--    34000  34999      8 
--    35000  35999     13 
--    36000  36999     16 *
--    37000  37999      8 
--    38000  38999      8 
--    39000  39999      5 
--    40000  40999      2 
--    41000  41999      0 
--    42000  42999      1 
--    43000  43999      2 
--
-- Overlaps used for trimming saved.
----------------------------------------
-- Starting command on Fri Apr 20 02:28:08 2018 with 1052.766 GB free disk space

    cd .
    /sw/apps/bioinfo/canu/1.7/rackham/Linux-amd64/bin/gatekeeperDumpFASTQ \
      -trimmed \
      -G ./leptospirillum.gkpStore \
      -o ./leptospirillum.trimmedReads.gz \
      -fasta \
      -nolibname \
    > ./leptospirillum.trimmedReads.fasta.err 2>&1

-- Finished on Fri Apr 20 02:28:10 2018 (2 seconds) with 1052.74 GB free disk space
----------------------------------------
--
-- Trimmed reads saved in 'leptospirillum.trimmedReads.fasta.gz'.
--
--
-- BEGIN ASSEMBLY
--
--
-- Running jobs.  First attempt out of 2.
----------------------------------------
-- Starting 'meryl' concurrent execution on Fri Apr 20 02:28:10 2018 with 1052.74 GB free disk space (1 processes; 1 concurrently)

    cd unitigging/0-mercounts
    ./meryl.sh 1 > ./meryl.000001.out 2>&1

-- Finished on Fri Apr 20 02:28:23 2018 (13 seconds) with 1052.676 GB free disk space
----------------------------------------
-- Meryl finished successfully.
--
--  22-mers                                                                                           Fraction
--    Occurrences   NumMers                                                                         Unique Total
--       1-     1   5852257 *******************************************************************--> 0.6192 0.0685
--       2-     2    646101 **********************************************                         0.6876 0.0837
--       3-     4    295044 *********************                                                  0.7095 0.0909
--       5-     7     85366 ******                                                                 0.7236 0.0977
--       8-    11     31353 **                                                                     0.7290 0.1017
--      12-    16    125492 *********                                                              0.7320 0.1053
--      17-    22    704660 **************************************************                     0.7513 0.1389
--      23-    29    970756 ********************************************************************** 0.8371 0.3371
--      30-    37    433263 *******************************                                        0.9310 0.6136
--      38-    46    117889 ********                                                               0.9697 0.7570
--      47-    56     71173 *****                                                                  0.9810 0.8105
--      57-    67     35957 **                                                                     0.9880 0.8508
--      68-    79     23490 *                                                                      0.9916 0.8756
--      80-    92     20077 *                                                                      0.9941 0.8955
--      93-   106     17093 *                                                                      0.9962 0.9157
--     107-   121     14736 *                                                                      0.9979 0.9354
--     122-   137      3575                                                                        0.9994 0.9541
--     138-   154        18                                                                        0.9997 0.9587
--     155-   172        25                                                                        0.9997 0.9587
--     173-   191         0                                                                        0.0000 0.0000
--     192-   211         8                                                                        0.9997 0.9587
--     212-   232        33                                                                        0.9997 0.9588
--     233-   254        88                                                                        0.9997 0.9588
--     255-   277        80                                                                        0.9998 0.9591
--     278-   301         8                                                                        0.9998 0.9594
--     302-   326         8                                                                        0.9998 0.9594
--     327-   352        62                                                                        0.9998 0.9594
--     353-   379        32                                                                        0.9998 0.9597
--     380-   407        11                                                                        0.9998 0.9598
--     408-   436         2                                                                        0.9998 0.9598
--     437-   466         1                                                                        0.9998 0.9598
--     467-   497         5                                                                        0.9998 0.9599
--     498-   529         1                                                                        0.9998 0.9599
--     530-   562        12                                                                        0.9998 0.9599
--     563-   596         1                                                                        0.9998 0.9600
--     597-   631         6                                                                        0.9998 0.9600
--     632-   667        26                                                                        0.9998 0.9600
--     668-   704        68                                                                        0.9998 0.9602
--     705-   742       105                                                                        0.9998 0.9608
--     743-   781       158                                                                        0.9998 0.9617
--     782-   821       499                                                                        0.9998 0.9631
--
--     1278349 (max occurrences)
--    79543694 (total mers, non-unique)
--     3598483 (distinct mers, non-unique)
--     5852257 (unique mers)
----------------------------------------
-- Starting command on Fri Apr 20 02:28:23 2018 with 1052.676 GB free disk space

    cd unitigging/0-mercounts
    /sw/apps/bioinfo/canu/1.7/rackham/Linux-amd64/bin/meryl \
      -Dt \
      -n 887 \
      -s ./leptospirillum.ms22 \
    > ./leptospirillum.ms22.frequentMers.fasta \
    2> ./leptospirillum.ms22.frequentMers.fasta.err

-- Finished on Fri Apr 20 02:28:23 2018 (lickety-split) with 1052.676 GB free disk space
----------------------------------------
-- Reset utgOvlMerThreshold from auto to 887.
--
-- Found 85395951 22-mers; 9450740 distinct and 5852257 unique.  Largest count 1278349.
--
-- OVERLAPPER (normal) (assembly) erate=0.045
--
----------------------------------------
-- Starting command on Fri Apr 20 02:28:23 2018 with 1052.739 GB free disk space

    cd unitigging/1-overlapper
    /sw/apps/bioinfo/canu/1.7/rackham/Linux-amd64/bin/overlapInCorePartition \
     -G  ../leptospirillum.gkpStore \
     -hl 85312000 \
     -rl 1000000000 \
     -ol 500 \
     -o  ./leptospirillum.partition \
    > ./leptospirillum.partition.err 2>&1

-- Finished on Fri Apr 20 02:28:23 2018 (lickety-split) with 1052.739 GB free disk space
----------------------------------------
--
-- Configured 2 overlapInCore jobs.
--
-- Running jobs.  First attempt out of 2.
----------------------------------------
-- Starting 'utgovl' concurrent execution on Fri Apr 20 02:28:23 2018 with 1052.739 GB free disk space (2 processes; 4 concurrently)

    cd unitigging/1-overlapper
    ./overlap.sh 1 > ./overlap.000001.out 2>&1
    ./overlap.sh 2 > ./overlap.000002.out 2>&1

-- Finished on Fri Apr 20 03:11:51 2018 (2608 seconds) with 1052.73 GB free disk space
----------------------------------------
-- Found 2 overlapInCore output files.
--
-- overlapInCore compute 'unitigging/1-overlapper':
--   kmer hits
--     with no overlap           203936      101968 +- 142119.977
--     with an overlap           389776      194888 +- 271403.138
--
--   overlaps                    389776      194888 +- 271403.138
--     contained                 155648       77824 +- 108347.143
--     dovetail                  234128      117064 +- 163055.995
--
--   overlaps rejected
--     multiple per pair              0           0 +- 0
--     bad short window               0           0 +- 0
--     bad long window                0           0 +- 0
----------------------------------------
-- Starting command on Fri Apr 20 03:11:51 2018 with 1052.73 GB free disk space

    cd unitigging
    /sw/apps/bioinfo/canu/1.7/rackham/Linux-amd64/bin/ovStoreBuild \
     -O ./leptospirillum.ovlStore.BUILDING \
     -G ./leptospirillum.gkpStore \
     -M 2-8 \
     -L ./1-overlapper/ovljob.files \
     > ./leptospirillum.ovlStore.err 2>&1

-- Finished on Fri Apr 20 03:11:53 2018 (2 seconds) with 1052.697 GB free disk space
----------------------------------------
-- Checking store.
----------------------------------------
-- Starting command on Fri Apr 20 03:11:53 2018 with 1052.697 GB free disk space

    cd unitigging
    /sw/apps/bioinfo/canu/1.7/rackham/Linux-amd64/bin/ovStoreDump \
     -G ./leptospirillum.gkpStore \
     -O ./leptospirillum.ovlStore \
     -d -counts \
     > ./leptospirillum.ovlStore/counts.dat 2> ./leptospirillum.ovlStore/counts.err

-- Finished on Fri Apr 20 03:11:53 2018 (lickety-split) with 1052.696 GB free disk space
----------------------------------------
--
-- Overlap store 'unitigging/leptospirillum.ovlStore' successfully constructed.
-- Found 779552 overlaps for 8772 reads; 206504 reads have no overlaps.
--
--
-- Purged 0.008 GB in 6 overlap output files.
----------------------------------------
-- Starting command on Fri Apr 20 03:11:53 2018 with 1052.706 GB free disk space

    cd unitigging
    /sw/apps/bioinfo/canu/1.7/rackham/Linux-amd64/bin/ovStoreStats \
     -G ./leptospirillum.gkpStore \
     -O ./leptospirillum.ovlStore \
     -C 32 \
     -o ./leptospirillum.ovlStore \
     > ./leptospirillum.ovlStore.summary.err 2>&1

-- Finished on Fri Apr 20 03:11:54 2018 (1 second) with 1052.706 GB free disk space
----------------------------------------
--
-- Overlap store 'unitigging/leptospirillum.ovlStore' contains:
--
--   category            reads     %          read length        feature size or coverage  analysis
--   ----------------  -------  -------  ----------------------  ------------------------  --------------------
--   middle-missing         79    0.90    22452.16 +- 6245.12        379.65 +- 596.26     (bad trimming)
--   middle-hump             0    0.00        0.00 +- 0.00             0.00 +- 0.00       (bad trimming)
--   no-5-prime              6    0.07     1184.83 +- 120.38         162.50 +- 67.60      (bad trimming)
--   no-3-prime              2    0.02    20030.50 +- 26818.44      5691.50 +- 7621.90    (bad trimming)
--   
--   low-coverage            7    0.08     1326.86 +- 297.96           5.65 +- 2.58       (easy to assemble, potential for lower quality consensus)
--   unique               5629   64.17     9805.03 +- 6706.06         27.00 +- 6.74       (easy to assemble, perfect, yay)
--   repeat-cont          1126   12.84     4960.95 +- 3949.18        127.08 +- 64.58      (potential for consensus errors, no impact on assembly)
--   repeat-dove             2    0.02    18781.00 +- 16.97          109.28 +- 25.51      (hard to assemble, likely won't assemble correctly or even at all)
--   
--   span-repeat           711    8.11    13324.32 +- 7814.12       5223.91 +- 4605.48    (read spans a large repeat, usually easy to assemble)
--   uniq-repeat-cont     1094   12.47    10165.65 +- 6653.63                             (should be uniquely placed, low potential for consensus errors, no impact on assembly)
--   uniq-repeat-dove      102    1.16    20575.01 +- 10436.38                            (will end contigs, potential to misassemble)
--   uniq-anchor            14    0.16    17172.36 +- 10487.47      9414.36 +- 7996.37    (repeat read, with unique section, probable bad read)
--
-- Loading read lengths.
-- Loading number of overlaps per read.
--
-- Configure RED for 4gb memory.
--                   Batches of at most (unlimited) reads.
--                                      500000000 bases.
--                   Expecting evidence of at most 43318508 bases per iteration.
--
--           Total                                               Reads                 Olaps Evidence
--    Job   Memory      Read Range         Reads        Bases   Memory        Olaps   Memory   Memory  (Memory in MB)
--   ---- -------- ------------------- --------- ------------ -------- ------------ -------- --------
--      1  3119.21         1-215276         8772     85580163   979.66       779552     8.92    82.62
--   ---- -------- ------------------- --------- ------------ -------- ------------ -------- --------
--                                                   85580163                779552
--
-- Running jobs.  First attempt out of 2.
----------------------------------------
-- Starting 'red' concurrent execution on Fri Apr 20 03:11:55 2018 with 1052.706 GB free disk space (1 processes; 5 concurrently)

    cd unitigging/3-overlapErrorAdjustment
    ./red.sh 1 > ./red.000001.out 2>&1

-- Finished on Fri Apr 20 03:12:33 2018 (38 seconds) with 1052.703 GB free disk space
----------------------------------------
-- Found 1 read error detection output files.
--
-- Loading read lengths.
-- Loading number of overlaps per read.
--
-- Configure OEA for 4gb memory.
--                   Batches of at most (unlimited) reads.
--                                      300000000 bases.
--
--           Total                                               Reads                 Olaps  Adjusts
--    Job   Memory      Read Range         Reads        Bases   Memory        Olaps   Memory   Memory  (Memory in MB)
--   ---- -------- ------------------- --------- ------------ -------- ------------ -------- --------
--      1  2489.31         1-215276         8772     85580163    89.88       779552    23.79   327.64
--   ---- -------- ------------------- --------- ------------ -------- ------------ -------- --------
--                                                   85580163                779552
--
-- Running jobs.  First attempt out of 2.
----------------------------------------
-- Starting 'oea' concurrent execution on Fri Apr 20 03:12:34 2018 with 1052.703 GB free disk space (1 processes; 20 concurrently)

    cd unitigging/3-overlapErrorAdjustment
    ./oea.sh 1 > ./oea.000001.out 2>&1

-- Finished on Fri Apr 20 03:13:18 2018 (44 seconds) with 1052.701 GB free disk space
----------------------------------------
-- Found 1 overlap error adjustment output files.
----------------------------------------
-- Starting command on Fri Apr 20 03:13:18 2018 with 1052.701 GB free disk space

    cd unitigging/3-overlapErrorAdjustment
    /sw/apps/bioinfo/canu/1.7/rackham/Linux-amd64/bin/ovStoreBuild \
      -G ../leptospirillum.gkpStore \
      -O ../leptospirillum.ovlStore \
      -evalues \
      -L ./oea.files \
    > ./oea.apply.err 2>&1

-- Finished on Fri Apr 20 03:13:18 2018 (lickety-split) with 1052.7 GB free disk space
----------------------------------------
-- No report available.
--
-- Running jobs.  First attempt out of 2.
----------------------------------------
-- Starting 'bat' concurrent execution on Fri Apr 20 03:13:18 2018 with 1052.7 GB free disk space (1 processes; 1 concurrently)

    cd unitigging/4-unitigger
    ./unitigger.sh 1 > ./unitigger.000001.out 2>&1

-- Finished on Fri Apr 20 03:13:22 2018 (4 seconds) with 1052.69 GB free disk space
----------------------------------------
-- Unitigger finished successfully.
-- Found, in version 1, after unitig construction:
--   contigs:      8 sequences, total length 2793060 bp (including 0 repeats of total length 0 bp).
--   bubbles:      0 sequences, total length 0 bp.
--   unassembled:  3445 sequences, total length 21386465 bp.
--
-- Contig sizes based on genome size --
--            NG (bp)  LG (contigs)    sum (bp)
--         ----------  ------------  ----------
--     10     2577999             1     2577999
--     20     2577999             1     2577999
--     30     2577999             1     2577999
--     40     2577999             1     2577999
--     50     2577999             1     2577999
--     60     2577999             1     2577999
--     70     2577999             1     2577999
--     80     2577999             1     2577999
--     90     2577999             1     2577999
--    100       49690             2     2627689
--
----------------------------------------
-- Starting command on Fri Apr 20 03:13:22 2018 with 1052.69 GB free disk space

    cd unitigging
    /sw/apps/bioinfo/canu/1.7/rackham/Linux-amd64/bin/gatekeeperPartition \
      -G ./leptospirillum.gkpStore \
      -T ./leptospirillum.ctgStore 1 \
      -b 15000 \
      -p 8 \
    > ./leptospirillum.ctgStore/partitionedReads.log 2>&1

-- Finished on Fri Apr 20 03:13:25 2018 (3 seconds) with 1052.334 GB free disk space
----------------------------------------
----------------------------------------
-- Starting command on Fri Apr 20 03:13:26 2018 with 1052.334 GB free disk space

    cd unitigging
    /sw/apps/bioinfo/canu/1.7/rackham/Linux-amd64/bin/gatekeeperPartition \
      -G ./leptospirillum.gkpStore \
      -T ./leptospirillum.utgStore 1 \
      -b 15000 \
      -p 8 \
    > ./leptospirillum.utgStore/partitionedReads.log 2>&1

-- Finished on Fri Apr 20 03:13:28 2018 (2 seconds) with 1052.062 GB free disk space
----------------------------------------
-- Using slow alignment for consensus (iteration '0').
-- Configured 1 contig and 1 unitig consensus jobs.
--
--                            (tag)Concurrency
--                     (tag)Threads          |
--            (tag)Memory         |          |
--        (tag)         |         |          |     total usage     algorithm
--        -------  ------  --------   --------  -----------------  -----------------------------
-- Local: cns        4 GB    4 CPUs x   5 jobs    20 GB   20 CPUs  (consensus)
--
--
-- Running jobs.  First attempt out of 2.
----------------------------------------
-- Starting 'cns' concurrent execution on Fri Apr 20 03:13:28 2018 with 1052.062 GB free disk space (2 processes; 5 concurrently)

    cd unitigging/5-consensus
    ./consensus.sh 1 > ./consensus.000001.out 2>&1
    ./consensus.sh 2 > ./consensus.000002.out 2>&1

-- Finished on Fri Apr 20 03:15:19 2018 (111 seconds) with 1052.011 GB free disk space
----------------------------------------
-- Using slow alignment for consensus (iteration '1').
-- Configured 1 contig and 1 unitig consensus jobs.
-- All 2 consensus jobs finished successfully.
-- Using slow alignment for consensus (iteration '0').
-- Configured 1 contig and 1 unitig consensus jobs.
----------------------------------------
-- Starting command on Fri Apr 20 03:15:20 2018 with 1052.011 GB free disk space

    cd unitigging
    /sw/apps/bioinfo/canu/1.7/rackham/Linux-amd64/bin/tgStoreLoad \
      -G ./leptospirillum.gkpStore \
      -T ./leptospirillum.ctgStore 2 \
      -L ./5-consensus/ctgcns.files \
    > ./5-consensus/ctgcns.files.ctgStoreLoad.err 2>&1

-- Finished on Fri Apr 20 03:15:21 2018 (1 second) with 1051.965 GB free disk space
----------------------------------------
----------------------------------------
-- Starting command on Fri Apr 20 03:15:21 2018 with 1051.965 GB free disk space

    cd unitigging
    /sw/apps/bioinfo/canu/1.7/rackham/Linux-amd64/bin/tgStoreLoad \
      -G ./leptospirillum.gkpStore \
      -T ./leptospirillum.utgStore 2 \
      -L ./5-consensus/utgcns.files \
    > ./5-consensus/utgcns.files.utgStoreLoad.err 2>&1

-- Finished on Fri Apr 20 03:15:21 2018 (lickety-split) with 1051.959 GB free disk space
----------------------------------------
-- Purging consensus output after loading to ctgStore and/or utgStore.
-- Purged 2 .cns outputs.
----------------------------------------
-- Starting command on Fri Apr 20 03:15:21 2018 with 1052.639 GB free disk space

    cd unitigging
    /sw/apps/bioinfo/canu/1.7/rackham/Linux-amd64/bin/tgStoreDump \
      -G ./leptospirillum.gkpStore \
      -T ./leptospirillum.ctgStore 2 \
      -sizes -s 2600000 \
    > ./leptospirillum.ctgStore/seqDB.v002.sizes.txt

-- Finished on Fri Apr 20 03:15:21 2018 (lickety-split) with 1052.638 GB free disk space
----------------------------------------
-- Found, in version 2, after consensus generation:
--   contigs:      8 sequences, total length 2794451 bp (including 0 repeats of total length 0 bp).
--   bubbles:      0 sequences, total length 0 bp.
--   unassembled:  3445 sequences, total length 21386465 bp.
--
-- Contig sizes based on genome size --
--            NG (bp)  LG (contigs)    sum (bp)
--         ----------  ------------  ----------
--     10     2577733             1     2577733
--     20     2577733             1     2577733
--     30     2577733             1     2577733
--     40     2577733             1     2577733
--     50     2577733             1     2577733
--     60     2577733             1     2577733
--     70     2577733             1     2577733
--     80     2577733             1     2577733
--     90     2577733             1     2577733
--    100       51464             2     2629197
--
----------------------------------------
-- Starting command on Fri Apr 20 03:15:21 2018 with 1052.638 GB free disk space

    cd unitigging
    /sw/apps/bioinfo/canu/1.7/rackham/Linux-amd64/bin/tgStoreCoverageStat \
      -G ./leptospirillum.gkpStore \
      -T ./leptospirillum.ctgStore 2 \
      -s 2600000 \
      -o ./leptospirillum.ctgStore.coverageStat \
    > ./leptospirillum.ctgStore.coverageStat.err 2>&1

-- Finished on Fri Apr 20 03:15:22 2018 (1 second) with 1052.638 GB free disk space
----------------------------------------
----------------------------------------
-- Starting command on Fri Apr 20 03:15:22 2018 with 1052.638 GB free disk space

    cd unitigging/4-unitigger
    ./alignGFA.sh \
    > alignGFA.err 2>&1

-- Finished on Fri Apr 20 03:15:25 2018 (3 seconds) with 1052.638 GB free disk space
----------------------------------------
----------------------------------------
-- Starting command on Fri Apr 20 03:15:25 2018 with 1052.638 GB free disk space

    cd .
    /sw/apps/bioinfo/canu/1.7/rackham/Linux-amd64/bin/tgStoreDump \
      -G ./unitigging/leptospirillum.gkpStore \
      -T ./unitigging/leptospirillum.ctgStore 2 \
      -o ./leptospirillum.contigs \
      -layout \
    > ./leptospirillum.contigs.layout.err 2>&1

-- Finished on Fri Apr 20 03:15:25 2018 (lickety-split) with 1052.591 GB free disk space
----------------------------------------
----------------------------------------
-- Starting command on Fri Apr 20 03:15:25 2018 with 1052.591 GB free disk space

    cd .
    /sw/apps/bioinfo/canu/1.7/rackham/Linux-amd64/bin/tgStoreDump \
      -G ./unitigging/leptospirillum.gkpStore \
      -T ./unitigging/leptospirillum.utgStore 2 \
      -o ./leptospirillum.unitigs \
      -layout \
    > ./leptospirillum.unitigs.layout.err 2>&1

-- Finished on Fri Apr 20 03:15:26 2018 (1 second) with 1052.585 GB free disk space
----------------------------------------
----------------------------------------
-- Starting command on Fri Apr 20 03:15:26 2018 with 1052.585 GB free disk space

    cd .
    /sw/apps/bioinfo/canu/1.7/rackham/Linux-amd64/bin/tgStoreDump \
      -G ./unitigging/leptospirillum.gkpStore \
      -T ./unitigging/leptospirillum.ctgStore 2 \
      -consensus -fasta \
      -unassembled \
    > ./leptospirillum.unassembled.fasta
    2> ./leptospirillum.unassembled.err

-- Finished on Fri Apr 20 03:15:26 2018 (lickety-split) with 1052.564 GB free disk space
----------------------------------------
----------------------------------------
-- Starting command on Fri Apr 20 03:15:26 2018 with 1052.564 GB free disk space

    cd .
    /sw/apps/bioinfo/canu/1.7/rackham/Linux-amd64/bin/tgStoreDump \
      -G ./unitigging/leptospirillum.gkpStore \
      -T ./unitigging/leptospirillum.ctgStore 2 \
      -consensus -fasta \
      -contigs \
    > ./leptospirillum.contigs.fasta
    2> ./leptospirillum.contigs.err

-- Finished on Fri Apr 20 03:15:26 2018 (lickety-split) with 1052.562 GB free disk space
----------------------------------------
----------------------------------------
-- Starting command on Fri Apr 20 03:15:26 2018 with 1052.562 GB free disk space

    cd .
    /sw/apps/bioinfo/canu/1.7/rackham/Linux-amd64/bin/tgStoreDump \
      -G ./unitigging/leptospirillum.gkpStore \
      -T ./unitigging/leptospirillum.utgStore 2 \
      -consensus -fasta \
      -contigs \
    > ./leptospirillum.unitigs.fasta
    2> ./leptospirillum.unitigs.err

-- Finished on Fri Apr 20 03:15:26 2018 (lickety-split) with 1052.559 GB free disk space
----------------------------------------
--
-- Assembly 'leptospirillum' finished in '/pica/h1/lolu4321/genome_analysis_LovisaLundberg/analyses_v2'.
--
-- Summary saved in 'leptospirillum.report'.
--
-- Sequences saved:
--   Contigs       -> 'leptospirillum.contigs.fasta'
--   Unassembled   -> 'leptospirillum.unassembled.fasta'
--   Unitigs       -> 'leptospirillum.unitigs.fasta'
--
-- Read layouts saved:
--   Contigs       -> 'leptospirillum.contigs.layout'.
--   Unitigs       -> 'leptospirillum.unitigs.layout'.
--
-- Graphs saved:
--   Contigs       -> 'leptospirillum.contigs.gfa'.
--   Unitigs       -> 'leptospirillum.unitigs.gfa'.
--
-- Bye.
